# JRE version: OpenJDK Runtime Environment (17.0.10+7) (build 17.0.10+7)
# Java VM: OpenJDK 64-Bit Server VM (17.0.10+7, mixed mode, tiered, compressed oops, compressed class ptrs, g1 gc, linux-amd64)
GC Precious Log:
 CPUs: 8 total, 8 available
 Memory: 7863M
 Large Page Support: Disabled
 NUMA Support: Disabled
 Compressed Oops: Enabled (32-bit)
 Heap Region Size: 1M
 Heap Min Capacity: 8M
 Heap Initial Capacity: 124M
 Heap Max Capacity: 1966M
 Pre-touch: Disabled
 Parallel Workers: 8
 Concurrent Workers: 2
 Concurrent Refinement Workers: 8
 Periodic GC: Disabled
Heap:
 garbage-first heap   total 32768K, used 16585K [0x0000000085200000, 0x0000000100000000)
  region size 1024K, 3 young (3072K), 1 survivors (1024K)
 Metaspace       used 17282K, committed 17536K, reserved 1114112K
  class space    used 1603K, committed 1728K, reserved 1048576K
GC Heap History (18 events):
Event: 0.199 GC heap before
{Heap before GC invocations=0 (full 0):
 garbage-first heap   total 126976K, used 4096K [0x0000000085200000, 0x0000000100000000)
  region size 1024K, 5 young (5120K), 0 survivors (0K)
 Metaspace       used 7379K, committed 7552K, reserved 1114112K
  class space    used 649K, committed 704K, reserved 1048576K
}
Event: 0.202 GC heap after
{Heap after GC invocations=1 (full 1):
 garbage-first heap   total 8192K, used 1692K [0x0000000085200000, 0x0000000100000000)
  region size 1024K, 0 young (0K), 0 survivors (0K)
 Metaspace       used 7379K, committed 7552K, reserved 1114112K
  class space    used 649K, committed 704K, reserved 1048576K
}
Event: 0.254 GC heap before
{Heap before GC invocations=1 (full 1):
 garbage-first heap   total 8192K, used 3740K [0x0000000085200000, 0x0000000100000000)
  region size 1024K, 2 young (2048K), 0 survivors (0K)
 Metaspace       used 7676K, committed 7872K, reserved 1114112K
  class space    used 662K, committed 768K, reserved 1048576K
}
Event: 0.255 GC heap after
{Heap after GC invocations=2 (full 1):
 garbage-first heap   total 8192K, used 2204K [0x0000000085200000, 0x0000000100000000)
  region size 1024K, 1 young (1024K), 1 survivors (1024K)
 Metaspace       used 7676K, committed 7872K, reserved 1114112K
  class space    used 662K, committed 768K, reserved 1048576K
}
Event: 0.301 GC heap before
{Heap before GC invocations=2 (full 1):
 garbage-first heap   total 8192K, used 3228K [0x0000000085200000, 0x0000000100000000)
  region size 1024K, 2 young (2048K), 1 survivors (1024K)
 Metaspace       used 8349K, committed 8448K, reserved 1114112K
  class space    used 735K, committed 768K, reserved 1048576K
}
Event: 0.302 GC heap after
{Heap after GC invocations=3 (full 1):
 garbage-first heap   total 8192K, used 2342K [0x0000000085200000, 0x0000000100000000)
  region size 1024K, 1 young (1024K), 1 survivors (1024K)
 Metaspace       used 8349K, committed 8448K, reserved 1114112K
  class space    used 735K, committed 768K, reserved 1048576K
}
Event: 0.355 GC heap before
{Heap before GC invocations=3 (full 1):
 garbage-first heap   total 8192K, used 3366K [0x0000000085200000, 0x0000000100000000)
  region size 1024K, 2 young (2048K), 1 survivors (1024K)
 Metaspace       used 10324K, committed 10560K, reserved 1114112K
  class space    used 912K, committed 1024K, reserved 1048576K
}
Event: 0.356 GC heap after
{Heap after GC invocations=4 (full 1):
 garbage-first heap   total 8192K, used 2581K [0x0000000085200000, 0x0000000100000000)
  region size 1024K, 1 young (1024K), 1 survivors (1024K)
 Metaspace       used 10324K, committed 10560K, reserved 1114112K
  class space    used 912K, committed 1024K, reserved 1048576K
}
Event: 0.378 GC heap before
{Heap before GC invocations=4 (full 1):
 garbage-first heap   total 8192K, used 3605K [0x0000000085200000, 0x0000000100000000)
  region size 1024K, 2 young (2048K), 1 survivors (1024K)
 Metaspace       used 10618K, committed 10816K, reserved 1114112K
  class space    used 921K, committed 1024K, reserved 1048576K
}
Event: 0.380 GC heap after
{Heap after GC invocations=5 (full 1):
 garbage-first heap   total 67584K, used 2599K [0x0000000085200000, 0x0000000100000000)
  region size 1024K, 1 young (1024K), 1 survivors (1024K)
 Metaspace       used 10618K, committed 10816K, reserved 1114112K
  class space    used 921K, committed 1024K, reserved 1048576K
}
Event: 1.040 GC heap before
{Heap before GC invocations=5 (full 1):
 garbage-first heap   total 67584K, used 38439K [0x0000000085200000, 0x0000000100000000)
  region size 1024K, 37 young (37888K), 1 survivors (1024K)
 Metaspace       used 12045K, committed 12288K, reserved 1114112K
  class space    used 1031K, committed 1152K, reserved 1048576K
}
Event: 1.062 GC heap after
{Heap after GC invocations=6 (full 2):
 garbage-first heap   total 27648K, used 6753K [0x0000000085200000, 0x0000000100000000)
  region size 1024K, 0 young (0K), 0 survivors (0K)
 Metaspace       used 12045K, committed 12288K, reserved 1114112K
  class space    used 1031K, committed 1152K, reserved 1048576K
}
Event: 1.524 GC heap before
{Heap before GC invocations=6 (full 2):
 garbage-first heap   total 27648K, used 15969K [0x0000000085200000, 0x0000000100000000)
  region size 1024K, 9 young (9216K), 0 survivors (0K)
 Metaspace       used 16868K, committed 17088K, reserved 1114112K
  class space    used 1551K, committed 1664K, reserved 1048576K
}
Event: 1.527 GC heap after
{Heap after GC invocations=7 (full 2):
 garbage-first heap   total 27648K, used 10574K [0x0000000085200000, 0x0000000100000000)
  region size 1024K, 2 young (2048K), 2 survivors (2048K)
 Metaspace       used 16868K, committed 17088K, reserved 1114112K
  class space    used 1551K, committed 1664K, reserved 1048576K
}
Event: 1.586 GC heap before
{Heap before GC invocations=7 (full 2):
 garbage-first heap   total 27648K, used 13646K [0x0000000085200000, 0x0000000100000000)
  region size 1024K, 3 young (3072K), 2 survivors (2048K)
 Metaspace       used 17195K, committed 17472K, reserved 1114112K
  class space    used 1596K, committed 1728K, reserved 1048576K
}
Event: 1.598 GC heap after
{Heap after GC invocations=8 (full 3):
 garbage-first heap   total 27648K, used 13371K [0x0000000085200000, 0x0000000100000000)
  region size 1024K, 0 young (0K), 0 survivors (0K)
 Metaspace       used 17195K, committed 17472K, reserved 1114112K
  class space    used 1596K, committed 1728K, reserved 1048576K
}
Event: 1.602 GC heap before
{Heap before GC invocations=8 (full 3):
 garbage-first heap   total 27648K, used 13371K [0x0000000085200000, 0x0000000100000000)
  region size 1024K, 1 young (1024K), 0 survivors (0K)
 Metaspace       used 17207K, committed 17472K, reserved 1114112K
  class space    used 1597K, committed 1728K, reserved 1048576K
}
Event: 1.605 GC heap after
{Heap after GC invocations=9 (full 3):
 garbage-first heap   total 27648K, used 13513K [0x0000000085200000, 0x0000000100000000)
  region size 1024K, 1 young (1024K), 1 survivors (1024K)
 Metaspace       used 17207K, committed 17472K, reserved 1114112K
  class space    used 1597K, committed 1728K, reserved 1048576K
}

